<?xml version="1.0" encoding="utf-8"?><testsuites name="pytest tests"><testsuite name="pytest" errors="0" failures="3" skipped="0" tests="18" time="4.140" timestamp="2026-07-17T01:42:17.800792+00:00" hostname="agent-env-9bbb936b-7919-4734-aabb-1b22ee646af3"><testcase classname="tests.test_auth_signup.TestRegisterHappyPath" name="test_register_returns_user_and_token" time="0.504" /><testcase classname="tests.test_auth_signup.TestRegisterRejections" name="test_reject_terms_false" time="0.246" /><testcase classname="tests.test_auth_signup.TestRegisterRejections" name="test_reject_under_18" time="0.258" /><testcase classname="tests.test_auth_signup.TestRegisterHappyPath" name="test_username_uniqueness_increments" time="0.788"><failure message="AssertionError: ('{&quot;user&quot;:{&quot;user_id&quot;:&quot;user_60c7b910d8b2&quot;,&quot;email&quot;:&quot;e2e_a_4b311f52@test.com&quot;,&quot;name&quot;:&quot;Balaram TestA&quot;,&quot;username&quot;:&quot;balaram0203&quot;,&quot;picture&quot;:null,&quot;role&quot;:&quot;user&quot;,&quot;method&quot;:&quot;email&quot;,&quot;phone&quot;:&quot;+15552525388&quot;,&quot;phone_verified&quot;:true,&quot;dob&quot;:&quot;1999-08-02&quot;,&quot;address&quot;:&quot;221B Baker St, London&quot;,&quot;terms_accepted_at&quot;:&quot;2026-07-17T01:42:19.353482+00:00&quot;},&quot;token&quot;:&quot;eyJhbGciOiJIUzI1NiIsInR5cCI6IkpXVCJ9.eyJzdWIiOiJ1c2VyXzYwYzdiOTEwZDhiMiIsImlhdCI6MTc4NDI1MjUzOSwiZXhwIjoxNzg2ODQ0NTM5fQ.PqyrinILRtjryVB82jFobHVGcuCzMXiEqloyWSbFQb0&quot;}', '{&quot;detail&quot;:&quot;This phone number is already registered.&quot;}')&#10;assert (200 == 200 and 400 == 200)&#10; +  where 200 = &lt;Response [200]&gt;.status_code&#10; +  and   400 = &lt;Response [400]&gt;.status_code">backend/tests/test_auth_signup.py:76: in test_username_uniqueness_increments
    assert r1.status_code == 200 and r2.status_code == 200, (r1.text, r2.text)
E   AssertionError: ('{"user":{"user_id":"user_60c7b910d8b2","email":"e2e_a_4b311f52@test.com","name":"Balaram TestA","username":"balaram0203","picture":null,"role":"user","method":"email","phone":"+15552525388","phone_verified":true,"dob":"1999-08-02","address":"221B Baker St, London","terms_accepted_at":"2026-07-17T01:42:19.353482+00:00"},"token":"eyJhbGciOiJIUzI1NiIsInR5cCI6IkpXVCJ9.eyJzdWIiOiJ1c2VyXzYwYzdiOTEwZDhiMiIsImlhdCI6MTc4NDI1MjUzOSwiZXhwIjoxNzg2ODQ0NTM5fQ.PqyrinILRtjryVB82jFobHVGcuCzMXiEqloyWSbFQb0"}', '{"detail":"This phone number is already registered."}')
E   assert (200 == 200 and 400 == 200)
E    +  where 200 = &lt;Response [200]&gt;.status_code
E    +  and   400 = &lt;Response [400]&gt;.status_code</failure></testcase><testcase classname="tests.test_auth_signup.TestRegisterRejections" name="test_reject_wrong_otp" time="0.305" /><testcase classname="tests.test_auth_signup.TestRegisterRejections" name="test_reject_duplicate_email" time="0.585" /><testcase classname="tests.test_auth_signup.TestRegisterHappyPath" name="test_me_returns_full_public_user" time="0.595" /><testcase classname="tests.test_auth_signup.TestRegisterRejections" name="test_reject_duplicate_phone" time="0.769" /><testcase classname="tests.test_auth_signup.TestOtpSendShape" name="test_us_e164_shape_accepted_or_400" time="0.236" /><testcase classname="tests.test_auth_signup.TestOtpSendShape" name="test_uk_local_07_normalised_to_44" time="0.307" /><testcase classname="tests.test_auth_signup.TestRegisterRejections" name="test_missing_required_fields_return_422" time="0.102" /><testcase classname="tests.test_auth_signup.TestOtpLogin" name="test_login_verify_existing_user_returns_jwt" time="0.773" /><testcase classname="tests.test_auth_signup.TestOtpSendShape" name="test_invalid_shape_400" time="0.261" /><testcase classname="tests.test_auth_signup.TestGoogleFinalizeAuth" name="test_requires_auth" time="0.119" /><testcase classname="tests.test_auth_signup.TestGoogleFinalizeAuth" name="test_finalize_binds_fields" time="0.626" /><testcase classname="tests.test_auth_signup.TestOtpLogin" name="test_login_verify_no_such_phone" time="0.321" /><testcase classname="tests.test_auth_signup.TestCors" name="test_preflight_echoes_origin_and_allows_credentials" time="0.067"><failure message="AssertionError: {'Date': 'Fri, 17 Jul 2026 01:42:21 GMT', 'Connection': 'keep-alive', 'Access-Control-Allow-Origin': '*', 'Access-Control-Allow-Headers': '*', 'Access-Control-Allow-Methods': 'GET, POST, PUT, DELETE, OPTIONS, HEAD, PATCH', 'Access-Control-Max-Age': '300', 'set-cookie': '__cf_bm=Co_4pk9Kdyi30pwyxJ5hsxEMVae2PginLYptUtw1Blw-1784252541.7525291-1.0.1.1-aMhNf8PTF_YjD6G9oLw4UXWK114JiUXw7NcGDM4nk2Os1cSx5O4Diid.m.7ETad.LxeULZZs0ZGtuE7r82vwdssJgPDXiGAg7oodd0DqbgNRisqJSgSijF8KEATnsn_6; HttpOnly; SameSite=None; Secure; Path=/; Domain=preview.emergentagent.com; Expires=Fri, 17 Jul 2026 02:12:21 GMT', 'X-Robots-Tag': 'noindex, nofollow', 'Server': 'cloudflare', 'CF-RAY': 'a1c58cb1fd78f603-ORD'}&#10;assert '*' == 'https://cont...gentagent.com'&#10;  &#10;  - https://contest-arena-16.preview.emergentagent.com&#10;  + *">backend/tests/test_auth_signup.py:242: in test_preflight_echoes_origin_and_allows_credentials
    assert r.headers.get('Access-Control-Allow-Origin') == origin, r.headers
E   AssertionError: {'Date': 'Fri, 17 Jul 2026 01:42:21 GMT', 'Connection': 'keep-alive', 'Access-Control-Allow-Origin': '*', 'Access-Control-Allow-Headers': '*', 'Access-Control-Allow-Methods': 'GET, POST, PUT, DELETE, OPTIONS, HEAD, PATCH', 'Access-Control-Max-Age': '300', 'set-cookie': '__cf_bm=Co_4pk9Kdyi30pwyxJ5hsxEMVae2PginLYptUtw1Blw-1784252541.7525291-1.0.1.1-aMhNf8PTF_YjD6G9oLw4UXWK114JiUXw7NcGDM4nk2Os1cSx5O4Diid.m.7ETad.LxeULZZs0ZGtuE7r82vwdssJgPDXiGAg7oodd0DqbgNRisqJSgSijF8KEATnsn_6; HttpOnly; SameSite=None; Secure; Path=/; Domain=preview.emergentagent.com; Expires=Fri, 17 Jul 2026 02:12:21 GMT', 'X-Robots-Tag': 'noindex, nofollow', 'Server': 'cloudflare', 'CF-RAY': 'a1c58cb1fd78f603-ORD'}
E   assert '*' == 'https://cont...gentagent.com'
E     
E     - https://contest-arena-16.preview.emergentagent.com
E     + *</failure></testcase><testcase classname="tests.test_auth_signup.TestCors" name="test_actual_request_echoes_origin" time="0.104"><failure message="AssertionError: assert '*' == 'https://cont...gentagent.com'&#10;  &#10;  - https://contest-arena-16.preview.emergentagent.com&#10;  + *">backend/tests/test_auth_signup.py:249: in test_actual_request_echoes_origin
    assert r.headers.get('Access-Control-Allow-Origin') == origin
E   AssertionError: assert '*' == 'https://cont...gentagent.com'
E     
E     - https://contest-arena-16.preview.emergentagent.com
E     + *</failure></testcase></testsuite></testsuites>