<?xml version="1.0" encoding="utf-8"?><testsuites name="pytest tests"><testsuite name="pytest" errors="0" failures="0" skipped="0" tests="6" time="1.910" timestamp="2026-07-17T04:17:20.346377+00:00" hostname="agent-env-9bbb936b-7919-4734-aabb-1b22ee646af3"><testcase classname="tests.test_admin_rbac_iter19.TestSuperAdminLogin" name="test_super_admin_role_present" time="0.363" /><testcase classname="tests.test_admin_rbac_iter19.TestUserMeEndpointForMyAccountPage" name="test_users_me_ok" time="0.254" /><testcase classname="tests.test_admin_rbac_iter19.TestAdminEndpointsAccessibleBySuperAdmin" name="test_admin_stats_200" time="0.719" /><testcase classname="tests.test_admin_rbac_iter19.TestAdminEndpointsAccessibleBySuperAdmin" name="test_admin_users_200_and_populated" time="0.439" /><testcase classname="tests.test_admin_rbac_iter19.TestAdminEndpointsAccessibleBySuperAdmin" name="test_admin_contests_200_and_populated" time="0.151" /><testcase classname="tests.test_admin_rbac_iter19.TestAdminEndpointsAccessibleBySuperAdmin" name="test_admin_stats_forbidden_without_token" time="0.094" /></testsuite></testsuites>