<?xml version="1.0" encoding="utf-8"?><testsuites name="pytest tests"><testsuite name="pytest" errors="0" failures="0" skipped="0" tests="70" time="113.965" timestamp="2026-07-13T18:34:03.642387+00:00" hostname="agent-env-9bbb936b-7919-4734-aabb-1b22ee646af3"><testcase classname="tests.test_profile" name="test_get_me_requires_auth" time="0.400" /><testcase classname="tests.backend_test.TestAdmin" name="test_admin_stats" time="0.734" /><testcase classname="tests.test_profile" name="test_get_me_returns_full_profile" time="0.447" /><testcase classname="tests.backend_test.TestAdmin" name="test_admin_users_list" time="0.130" /><testcase classname="tests.test_profile" name="test_patch_me_requires_auth" time="0.157" /><testcase classname="tests.backend_test.TestAdmin" name="test_admin_orders_list" time="0.059" /><testcase classname="tests.backend_test.TestAdmin" name="test_admin_contests_list" time="0.054" /><testcase classname="tests.backend_test.TestAdmin" name="test_admin_kyc_list" time="0.099" /><testcase classname="tests.test_profile" name="test_patch_me_updates_name_and_phone" time="0.286" /><testcase classname="tests.backend_test.TestAdmin" name="test_admin_winners_list" time="0.058" /><testcase classname="tests.backend_test.TestAdmin" name="test_admin_requires_auth" time="0.059" /><testcase classname="tests.test_profile" name="test_patch_me_rejects_invalid_email" time="0.263" /><testcase classname="tests.test_profile" name="test_patch_me_rejects_duplicate_email" time="0.451" /><testcase classname="tests.test_profile" name="test_change_password_requires_auth" time="0.124" /><testcase classname="tests.test_profile" name="test_change_password_wrong_current" time="0.559" /><testcase classname="tests.test_profile" name="test_change_password_too_short" time="0.334" /><testcase classname="tests.test_profile" name="test_change_password_success_and_relogin" time="1.354" /><testcase classname="tests.test_games.TestSubmitScore" name="test_attempts_starts_empty" time="2.403" /><testcase classname="tests.test_games.TestSubmitScore" name="test_submit_score_first_attempt" time="0.113" /><testcase classname="tests.test_games.TestSubmitScore" name="test_submit_second_and_third" time="0.362" /><testcase classname="tests.test_games.TestSubmitScore" name="test_fourth_submit_rejected" time="0.263" /><testcase classname="tests.test_games.TestSubmitScore" name="test_leaderboard_has_user" time="0.459" /><testcase classname="tests.test_wallet.TestWalletTopup" name="test_topup_below_minimum_returns_422" time="0.507" /><testcase classname="tests.test_referrals.TestReferralFlow" name="test_alice_has_referral_code" time="0.789" /><testcase classname="tests.test_wallet.TestWalletTopup" name="test_topup_25_success_sets_balance" time="0.276" /><testcase classname="tests.test_wallet.TestWalletTopup" name="test_get_wallet_me_reflects_topup" time="0.110" /><testcase classname="tests.test_referrals.TestReferralFlow" name="test_bob_registered_with_code" time="0.569" /><testcase classname="tests.test_wallet.TestWalletTopup" name="test_transactions_include_topup" time="0.122" /><testcase classname="tests.test_referrals.TestReferralFlow" name="test_alice_list_shows_bob" time="0.132" /><testcase classname="tests.test_wallet.TestWalletTopup" name="test_topup_over_max_returns_422" time="0.118" /><testcase classname="tests.test_referrals.TestReferralFlow" name="test_complete_referral_grants_tickets" time="0.720" /><testcase classname="tests.backend_test.TestAuth" name="test_admin_login_success" time="0.314" /><testcase classname="tests.backend_test.TestAuth" name="test_admin_login_invalid" time="0.324" /><testcase classname="tests.backend_test.TestAuth" name="test_auth_me_returns_admin" time="0.066" /><testcase classname="tests.test_referrals.TestReferralFlow" name="test_no_pending_referral_for_solo_user" time="0.756" /><testcase classname="tests.backend_test.TestAuth" name="test_auth_me_unauthenticated" time="0.327" /><testcase classname="tests.test_scheduler_notifications.TestProductionDraw" name="test_404_missing_contest" time="0.810" /><testcase classname="tests.test_wallet.TestAdminWallet" name="test_admin_list_wallets" time="1.301" /><testcase classname="tests.test_scheduler_notifications.TestProductionDraw" name="test_400_no_tickets" time="0.083" /><testcase classname="tests.test_wallet.TestAdminWallet" name="test_non_admin_cannot_list" time="0.299" /><testcase classname="tests.test_wallet.TestAdminWallet" name="test_admin_adjust_credit" time="0.149" /><testcase classname="tests.test_scheduler_notifications.TestProductionDraw" name="test_success_and_notification" time="0.472" /><testcase classname="tests.test_scheduler_notifications.TestProductionDraw" name="test_non_staff_forbidden" time="0.141" /><testcase classname="tests.test_wallet.TestAdminWallet" name="test_admin_adjust_debit_below_zero_rejected" time="0.130" /><testcase classname="tests.test_scheduler_notifications.TestUpcomingDraws" name="test_unauth_returns_401" time="0.181" /><testcase classname="tests.backend_test.TestContests" name="test_list_contests_public" time="0.112" /><testcase classname="tests.backend_test.TestContests" name="test_get_contest_detail" time="0.597" /><testcase classname="tests.test_scheduler_notifications.TestUpcomingDraws" name="test_non_staff_returns_403" time="0.571" /><testcase classname="tests.backend_test.TestContests" name="test_verify_skill_endpoint" time="0.768" /><testcase classname="tests.test_scheduler_notifications.TestUpcomingDraws" name="test_admin_returns_payload_shape" time="0.396" /><testcase classname="tests.backend_test.TestMeera" name="test_meera_public_chat" time="6.328" /><testcase classname="tests.test_checkout_wallet.TestCheckoutWallet" name="test_empty_wallet_returns_402" time="3.545" /><testcase classname="tests.test_checkout_wallet.TestCheckoutWallet" name="test_topup_then_checkout_debits_wallet" time="0.629" /><testcase classname="tests.test_create_contest.TestCreateContestValidation" name="test_missing_skill_question_400" time="0.458" /><testcase classname="tests.test_create_contest.TestCreateContestValidation" name="test_incomplete_skill_question_400" time="0.052" /><testcase classname="tests.test_meera_refactor.TestMeeraPublicChat" name="test_public_explain" time="6.256" /><testcase classname="tests.backend_test.TestMeera" name="test_meera_admin_chat" time="1.261" /><testcase classname="tests.test_create_contest.TestCreateContestSuccess" name="test_create_draft_and_verify_and_cleanup" time="0.764" /><testcase classname="tests.test_create_contest.TestCreateContestSuccess" name="test_create_live_contest_visible_publicly" time="0.159" /><testcase classname="tests.test_create_contest.TestCreateContestAuth" name="test_unauthenticated_rejected" time="0.072" /><testcase classname="tests.test_games.TestGameTypes" name="test_list_game_types" time="0.138" /><testcase classname="tests.test_games.TestContestGameType" name="test_admin_contests_includes_game_type" time="61.010" /><testcase classname="tests.test_meera_refactor.TestMeeraPublicChat" name="test_public_cannot_create" time="3.672" /><testcase classname="tests.test_scheduler_notifications.TestPlayerNotifications" name="test_unauth_returns_401" time="36.258" /><testcase classname="tests.test_scheduler_notifications.TestPlayerNotifications" name="test_list_and_mark_read" time="0.525" /><testcase classname="tests.test_meera_refactor.TestAdminDrawStillWorks" name="test_admin_draw_creates_winner_and_notification" time="0.462" /><testcase classname="tests.test_scheduler_notifications.TestAdminDrawNotification" name="test_admin_draw_creates_notification" time="5.870" /><testcase classname="tests.test_scheduler_notifications.TestSchedulerAutoDraw" name="test_scheduler_draws_overdue_contest" time="45.012" /><testcase classname="tests.test_meera_refactor.TestMeeraAdminCreateContests" name="test_admin_meera_create_contests" time="3.083" /><testcase classname="tests.test_meera_refactor.TestProductionUpcomingDrawsShape" name="test_shape" time="0.053" /></testsuite></testsuites>