<?xml version="1.0" encoding="utf-8"?><testsuites name="pytest tests"><testsuite name="pytest" errors="0" failures="1" skipped="0" tests="71" time="42.978" timestamp="2026-07-13T19:06:02.054405+00:00" hostname="agent-env-9bbb936b-7919-4734-aabb-1b22ee646af3"><testcase classname="tests.test_profile" name="test_get_me_requires_auth" time="0.496" /><testcase classname="tests.backend_test.TestAdmin" name="test_admin_stats" time="1.337" /><testcase classname="tests.test_referrals.TestReferralFlow" name="test_alice_has_referral_code" time="1.332" /><testcase classname="tests.test_profile" name="test_get_me_returns_full_profile" time="1.468" /><testcase classname="tests.backend_test.TestAdmin" name="test_admin_users_list" time="0.777" /><testcase classname="tests.test_referrals.TestReferralFlow" name="test_bob_registered_with_code" time="0.871" /><testcase classname="tests.test_profile" name="test_patch_me_requires_auth" time="0.219" /><testcase classname="tests.backend_test.TestAdmin" name="test_admin_orders_list" time="0.056" /><testcase classname="tests.backend_test.TestAdmin" name="test_admin_contests_list" time="0.059" /><testcase classname="tests.test_profile" name="test_patch_me_updates_name_and_phone" time="0.316" /><testcase classname="tests.test_referrals.TestReferralFlow" name="test_alice_list_shows_bob" time="0.195" /><testcase classname="tests.backend_test.TestAdmin" name="test_admin_kyc_list" time="0.092" /><testcase classname="tests.backend_test.TestAdmin" name="test_admin_winners_list" time="0.057" /><testcase classname="tests.backend_test.TestAdmin" name="test_admin_requires_auth" time="0.060" /><testcase classname="tests.test_referrals.TestReferralFlow" name="test_complete_referral_grants_tickets" time="0.425" /><testcase classname="tests.test_games.TestSubmitScore" name="test_attempts_starts_empty" time="2.537" /><testcase classname="tests.test_profile" name="test_patch_me_rejects_invalid_email" time="0.307" /><testcase classname="tests.test_games.TestSubmitScore" name="test_submit_score_first_attempt" time="0.286" /><testcase classname="tests.test_wallet.TestWalletTopup" name="test_topup_below_minimum_returns_422" time="0.499" /><testcase classname="tests.test_referrals.TestReferralFlow" name="test_no_pending_referral_for_solo_user" time="0.843" /><testcase classname="tests.test_games.TestSubmitScore" name="test_submit_second_and_third" time="0.842" /><testcase classname="tests.test_wallet.TestWalletTopup" name="test_topup_25_success_sets_balance" time="0.531" /><testcase classname="tests.test_profile" name="test_patch_me_rejects_duplicate_email" time="0.654" /><testcase classname="tests.test_profile" name="test_change_password_requires_auth" time="0.148" /><testcase classname="tests.test_wallet.TestWalletTopup" name="test_get_wallet_me_reflects_topup" time="0.113" /><testcase classname="tests.test_wallet.TestWalletTopup" name="test_transactions_include_topup" time="0.139" /><testcase classname="tests.test_profile" name="test_change_password_wrong_current" time="0.443" /><testcase classname="tests.test_games.TestSubmitScore" name="test_fourth_submit_rejected" time="1.098" /><testcase classname="tests.backend_test.TestAuth" name="test_admin_login_success" time="0.607" /><testcase classname="tests.test_wallet.TestWalletTopup" name="test_topup_over_max_returns_422" time="0.265" /><testcase classname="tests.test_profile" name="test_change_password_too_short" time="0.701" /><testcase classname="tests.backend_test.TestAuth" name="test_admin_login_invalid" time="0.771" /><testcase classname="tests.test_scheduler_notifications.TestProductionDraw" name="test_404_missing_contest" time="1.509" /><testcase classname="tests.test_games.TestSubmitScore" name="test_leaderboard_has_user" time="1.284" /><testcase classname="tests.test_profile" name="test_change_password_success_and_relogin" time="1.846" /><testcase classname="tests.test_scheduler_notifications.TestProductionDraw" name="test_400_no_tickets" time="0.550" /><testcase classname="tests.backend_test.TestAuth" name="test_auth_me_returns_admin" time="1.001" /><testcase classname="tests.backend_test.TestAuth" name="test_auth_me_unauthenticated" time="0.050" /><testcase classname="tests.test_scheduler_notifications.TestUpcomingDraws" name="test_unauth_returns_401" time="0.512" /><testcase classname="tests.test_scheduler_notifications.TestProductionDraw" name="test_success_and_notification" time="1.648" /><testcase classname="tests.backend_test.TestContests" name="test_list_contests_public" time="0.518" /><testcase classname="tests.test_scheduler_notifications.TestUpcomingDraws" name="test_non_staff_returns_403" time="1.024" /><testcase classname="tests.backend_test.TestContests" name="test_get_contest_detail" time="2.285"><failure message="AssertionError: {&quot;detail&quot;:&quot;Contest not found&quot;}&#10;assert 404 == 200&#10; +  where 404 = &lt;Response [404]&gt;.status_code">tests/backend_test.py:95: in test_get_contest_detail
    assert r.status_code == 200, r.text
E   AssertionError: {"detail":"Contest not found"}
E   assert 404 == 200
E    +  where 404 = &lt;Response [404]&gt;.status_code</failure></testcase><testcase classname="tests.test_wallet.TestAdminWallet" name="test_admin_list_wallets" time="1.937" /><testcase classname="tests.test_scheduler_notifications.TestProductionDraw" name="test_non_staff_forbidden" time="0.280" /><testcase classname="tests.test_scheduler_notifications.TestUpcomingDraws" name="test_admin_returns_payload_shape" time="1.778" /><testcase classname="tests.backend_test.TestMeera" name="test_meera_public_chat" time="3.683" /><testcase classname="tests.test_wallet.TestAdminWallet" name="test_non_admin_cannot_list" time="1.425" /><testcase classname="tests.test_wallet.TestAdminWallet" name="test_admin_adjust_credit" time="0.383" /><testcase classname="tests.backend_test.TestContests" name="test_verify_skill_endpoint" time="0.762" /><testcase classname="tests.test_wallet.TestAdminWallet" name="test_admin_adjust_debit_below_zero_rejected" time="0.316" /><testcase classname="tests.test_meera_refactor.TestMeeraPublicChat" name="test_public_explain" time="4.846" /><testcase classname="tests.test_checkout_wallet.TestCheckoutWallet" name="test_empty_wallet_returns_402" time="1.145" /><testcase classname="tests.test_create_contest.TestCreateContestValidation" name="test_missing_skill_question_400" time="0.493" /><testcase classname="tests.test_checkout_wallet.TestCheckoutWallet" name="test_topup_then_checkout_debits_wallet" time="0.982" /><testcase classname="tests.test_create_contest.TestCreateContestValidation" name="test_incomplete_skill_question_400" time="0.054" /><testcase classname="tests.test_games.TestGameTypes" name="test_list_game_types" time="0.143" /><testcase classname="tests.test_games.TestContestGameType" name="test_admin_contests_includes_game_type" time="1.033" /><testcase classname="tests.test_scheduler_notifications.TestPlayerNotifications" name="test_unauth_returns_401" time="0.104" /><testcase classname="tests.backend_test.TestMeera" name="test_meera_admin_chat" time="1.798" /><testcase classname="tests.test_scheduler_notifications.TestPlayerNotifications" name="test_list_and_mark_read" time="0.756" /><testcase classname="tests.test_meera_refactor.TestMeeraAdminCreateContests" name="test_admin_meera_create_contests" time="2.865" /><testcase classname="tests.test_meera_refactor.TestAdminDrawStillWorks" name="test_admin_draw_creates_winner_and_notification" time="0.470" /><testcase classname="tests.test_referrals.TestReferralFallback" name="test_fallback_credits_both_wallets" time="3.066" /><testcase classname="tests.test_create_contest.TestCreateContestSuccess" name="test_create_draft_and_verify_and_cleanup" time="1.088" /><testcase classname="tests.test_create_contest.TestCreateContestSuccess" name="test_create_live_contest_visible_publicly" time="0.149" /><testcase classname="tests.test_meera_refactor.TestProductionUpcomingDrawsShape" name="test_shape" time="0.109" /><testcase classname="tests.test_meera_refactor.TestMeeraPublicChat" name="test_public_cannot_create" time="2.589" /><testcase classname="tests.test_scheduler_notifications.TestAdminDrawNotification" name="test_admin_draw_creates_notification" time="0.775" /><testcase classname="tests.test_scheduler_notifications.TestSchedulerAutoDraw" name="test_scheduler_draws_overdue_contest" time="25.343" /><testcase classname="tests.test_create_contest.TestCreateContestAuth" name="test_unauthenticated_rejected" time="0.112" /></testsuite></testsuites>