<?xml version="1.0" encoding="utf-8"?><testsuites name="pytest tests"><testsuite name="pytest" errors="0" failures="0" skipped="0" tests="8" time="4.300" timestamp="2026-07-17T02:28:59.899933+00:00" hostname="agent-env-9bbb936b-7919-4734-aabb-1b22ee646af3"><testcase classname="tests.test_phase2_profile_admin" name="test_health_root" time="0.164" /><testcase classname="tests.test_phase2_profile_admin" name="test_register_still_works" time="0.346" /><testcase classname="tests.test_phase2_profile_admin" name="test_email_login_after_register" time="0.698" /><testcase classname="tests.test_phase2_profile_admin" name="test_get_users_me_returns_new_fields" time="0.485" /><testcase classname="tests.test_phase2_profile_admin" name="test_patch_users_me_address_persists" time="0.549" /><testcase classname="tests.test_phase2_profile_admin" name="test_patch_users_me_name_persists" time="0.537" /><testcase classname="tests.test_phase2_profile_admin" name="test_public_winners_endpoint" time="0.118" /><testcase classname="tests.test_phase2_profile_admin" name="test_admin_users_list_has_new_columns" time="0.918" /></testsuite></testsuites>