<?xml version="1.0" encoding="utf-8"?><testsuites name="pytest tests"><testsuite name="pytest" errors="0" failures="0" skipped="0" tests="11" time="9.078" timestamp="2026-07-14T07:43:19.033339+00:00" hostname="agent-env-9bbb936b-7919-4734-aabb-1b22ee646af3"><testcase classname="tests.test_stripe_payments.TestCheckoutAuth" name="test_unauth_returns_401" time="0.284" /><testcase classname="tests.test_stripe_payments" name="test_checkout_all_four_packages[wallet_topup_10-10.0]" time="1.694" /><testcase classname="tests.test_stripe_payments" name="test_checkout_all_four_packages[wallet_topup_20-20.0]" time="0.955" /><testcase classname="tests.test_stripe_payments" name="test_checkout_all_four_packages[wallet_topup_50-50.0]" time="0.958" /><testcase classname="tests.test_stripe_payments" name="test_checkout_all_four_packages[wallet_topup_100-100.0]" time="0.973" /><testcase classname="tests.test_stripe_payments" name="test_checkout_unknown_key_rejected" time="0.113" /><testcase classname="tests.test_stripe_payments" name="test_status_endpoint_is_public" time="0.866" /><testcase classname="tests.test_stripe_payments" name="test_status_unknown_session_404" time="0.100" /><testcase classname="tests.test_stripe_payments" name="test_paid_flow_credits_wallet_once_idempotent" time="2.357" /><testcase classname="tests.test_stripe_payments" name="test_webhook_invalid_signature_returns_400" time="0.155" /><testcase classname="tests.test_stripe_payments" name="test_mock_wallet_topup_regression" time="0.097" /></testsuite></testsuites>