<?xml version="1.0" encoding="utf-8"?><testsuites name="pytest tests"><testsuite name="pytest" errors="0" failures="2" skipped="0" tests="23" time="6.356" timestamp="2026-07-13T18:33:06.114913+00:00" hostname="agent-env-9bbb936b-7919-4734-aabb-1b22ee646af3"><testcase classname="tests.test_wallet.TestWalletTopup" name="test_topup_below_minimum_returns_422" time="0.922" /><testcase classname="tests.test_wallet.TestWalletTopup" name="test_topup_25_success_sets_balance" time="0.111" /><testcase classname="tests.test_referrals.TestReferralFlow" name="test_alice_has_referral_code" time="0.953" /><testcase classname="tests.test_wallet.TestWalletTopup" name="test_get_wallet_me_reflects_topup" time="0.289" /><testcase classname="tests.test_referrals.TestReferralFlow" name="test_bob_registered_with_code" time="0.491" /><testcase classname="tests.test_wallet.TestWalletTopup" name="test_transactions_include_topup" time="0.108" /><testcase classname="tests.test_wallet.TestWalletTopup" name="test_topup_over_max_returns_422" time="0.114" /><testcase classname="tests.test_referrals.TestReferralFlow" name="test_alice_list_shows_bob" time="0.151" /><testcase classname="tests.test_referrals.TestReferralFlow" name="test_complete_referral_grants_tickets" time="0.519" /><testcase classname="tests.test_referrals.TestReferralFlow" name="test_no_pending_referral_for_solo_user" time="0.609" /><testcase classname="tests.test_wallet.TestAdminWallet" name="test_admin_list_wallets" time="0.849"><failure message="AssertionError: assert 'user_9b67ea915249' in ['user_236775ecdd76', 'user_b6a6a6253a22', 'user_4abb4e3b7c3d', 'user_eb071248fabe']">tests/test_wallet.py:109: in test_admin_list_wallets
    assert new_user['user']['user_id'] in uids
E   AssertionError: assert 'user_9b67ea915249' in ['user_236775ecdd76', 'user_b6a6a6253a22', 'user_4abb4e3b7c3d', 'user_eb071248fabe']</failure></testcase><testcase classname="tests.test_games.TestSubmitScore" name="test_attempts_starts_empty" time="2.092" /><testcase classname="tests.test_wallet.TestAdminWallet" name="test_non_admin_cannot_list" time="0.135" /><testcase classname="tests.test_games.TestSubmitScore" name="test_submit_score_first_attempt" time="0.119" /><testcase classname="tests.test_wallet.TestAdminWallet" name="test_admin_adjust_credit" time="0.121"><failure message="assert 5.0 == 30.0">tests/test_wallet.py:125: in test_admin_adjust_credit
    assert body['balance'] == 30.0  # was 25, +5
    ^^^^^^^^^^^^^^^^^^^^^^^^^^^^^^
E   assert 5.0 == 30.0</failure></testcase><testcase classname="tests.test_games.TestSubmitScore" name="test_submit_second_and_third" time="0.274" /><testcase classname="tests.test_wallet.TestAdminWallet" name="test_admin_adjust_debit_below_zero_rejected" time="0.107" /><testcase classname="tests.test_games.TestSubmitScore" name="test_fourth_submit_rejected" time="0.312" /><testcase classname="tests.test_games.TestSubmitScore" name="test_leaderboard_has_user" time="0.337" /><testcase classname="tests.test_games.TestContestGameType" name="test_admin_contests_includes_game_type" time="0.313" /><testcase classname="tests.test_checkout_wallet.TestCheckoutWallet" name="test_empty_wallet_returns_402" time="0.951" /><testcase classname="tests.test_checkout_wallet.TestCheckoutWallet" name="test_topup_then_checkout_debits_wallet" time="0.668" /><testcase classname="tests.test_games.TestGameTypes" name="test_list_game_types" time="0.099" /></testsuite></testsuites>