<?xml version="1.0" encoding="utf-8"?><testsuites name="pytest tests"><testsuite name="pytest" errors="0" failures="0" skipped="0" tests="20" time="6.235" timestamp="2026-07-13T23:26:12.514588+00:00" hostname="agent-env-9bbb936b-7919-4734-aabb-1b22ee646af3"><testcase classname="tests.test_games_v2.TestGameTypesV2" name="test_types_endpoint_returns_30" time="0.459" /><testcase classname="tests.test_games_v2.TestGameTypesV2" name="test_all_14_new_games_present" time="0.105" /><testcase classname="tests.test_games_v2.TestGameTypesV2" name="test_all_16_existing_games_still_present" time="0.135" /><testcase classname="tests.test_games_v2.TestAssignNewGameType" name="test_assign_and_echo[sudoku_mini]" time="1.136" /><testcase classname="tests.test_games_v2.TestGameTypesV2" name="test_new_games_have_metadata" time="0.099" /><testcase classname="tests.test_games_v2.TestAssignNewGameType" name="test_assign_and_echo[sequence_predict]" time="0.307" /><testcase classname="tests.test_games_v2.TestAssignNewGameType" name="test_assign_and_echo[countdown_numbers]" time="0.479" /><testcase classname="tests.test_games_v2.TestAssignNewGameType" name="test_assign_and_echo[word_ladder]" time="0.346" /><testcase classname="tests.test_games_v2.TestSubmitWithNewGameType" name="test_submit_awards_points" time="1.446" /><testcase classname="tests.test_games_v2.TestSubmitWithNewGameType" name="test_leaderboard_has_score" time="0.295" /><testcase classname="tests.test_games_v2.TestAssignNewGameType" name="test_assign_and_echo[chess_mate_in_one]" time="0.307" /><testcase classname="tests.test_games_v2.TestAssignNewGameType" name="test_assign_and_echo[tower_of_hanoi]" time="0.308" /><testcase classname="tests.test_games_v2.TestAssignNewGameType" name="test_assign_and_echo[lights_out]" time="0.349" /><testcase classname="tests.test_games_v2.TestAssignNewGameType" name="test_assign_and_echo[minesweeper_mini]" time="0.301" /><testcase classname="tests.test_games_v2.TestAssignNewGameType" name="test_assign_and_echo[nonogram_mini]" time="0.302" /><testcase classname="tests.test_games_v2.TestAssignNewGameType" name="test_assign_and_echo[tf2048_mini]" time="0.304" /><testcase classname="tests.test_games_v2.TestAssignNewGameType" name="test_assign_and_echo[cryptogram]" time="0.306" /><testcase classname="tests.test_games_v2.TestAssignNewGameType" name="test_assign_and_echo[anagram_finder]" time="0.310" /><testcase classname="tests.test_games_v2.TestAssignNewGameType" name="test_assign_and_echo[maze_solver]" time="0.321" /><testcase classname="tests.test_games_v2.TestAssignNewGameType" name="test_assign_and_echo[spot_pattern]" time="0.438" /></testsuite></testsuites>