<?xml version="1.0" encoding="utf-8"?><testsuites name="pytest tests"><testsuite name="pytest" errors="0" failures="0" skipped="0" tests="16" time="7.369" timestamp="2026-07-03T01:44:30.912838+00:00" hostname="agent-env-9bbb936b-7919-4734-aabb-1b22ee646af3"><testcase classname="tests.backend_test.TestAuth" name="test_admin_login_success" time="0.449" /><testcase classname="tests.backend_test.TestAuth" name="test_admin_login_invalid" time="0.484" /><testcase classname="tests.backend_test.TestAdmin" name="test_admin_stats" time="0.940" /><testcase classname="tests.backend_test.TestAdmin" name="test_admin_users_list" time="0.279" /><testcase classname="tests.backend_test.TestAuth" name="test_auth_me_returns_admin" time="0.371" /><testcase classname="tests.backend_test.TestAdmin" name="test_admin_orders_list" time="0.050" /><testcase classname="tests.backend_test.TestAdmin" name="test_admin_contests_list" time="0.059" /><testcase classname="tests.backend_test.TestAuth" name="test_auth_me_unauthenticated" time="0.042" /><testcase classname="tests.backend_test.TestAdmin" name="test_admin_kyc_list" time="0.089" /><testcase classname="tests.backend_test.TestContests" name="test_list_contests_public" time="0.053" /><testcase classname="tests.backend_test.TestContests" name="test_get_contest_detail" time="0.106" /><testcase classname="tests.backend_test.TestAdmin" name="test_admin_winners_list" time="0.122" /><testcase classname="tests.backend_test.TestContests" name="test_verify_skill_endpoint" time="0.232" /><testcase classname="tests.backend_test.TestAdmin" name="test_admin_requires_auth" time="0.086" /><testcase classname="tests.backend_test.TestMeera" name="test_meera_public_chat" time="3.945" /><testcase classname="tests.backend_test.TestMeera" name="test_meera_admin_chat" time="1.157" /></testsuite></testsuites>