<?xml version="1.0" encoding="utf-8"?><testsuites name="pytest tests"><testsuite name="pytest" errors="0" failures="0" skipped="0" tests="15" time="2.164" timestamp="2026-07-13T19:27:04.208572+00:00" hostname="agent-env-9bbb936b-7919-4734-aabb-1b22ee646af3"><testcase classname="tests.test_leaderboard_and_bulk.TestGlobalLeaderboard" name="test_global_leaderboard_returns_200" time="0.321" /><testcase classname="tests.test_leaderboard_and_bulk.TestBulkContestOps" name="test_bulk_launch_requires_admin" time="0.252" /><testcase classname="tests.test_leaderboard_and_bulk.TestBulkContestOps" name="test_bulk_pause_requires_admin" time="0.058" /><testcase classname="tests.test_leaderboard_and_bulk.TestGlobalLeaderboard" name="test_global_leaderboard_row_shape" time="0.301" /><testcase classname="tests.test_leaderboard_and_bulk.TestBulkContestOps" name="test_bulk_launch_only_games_draft" time="0.497" /><testcase classname="tests.test_leaderboard_and_bulk.TestGlobalLeaderboard" name="test_global_leaderboard_ranked_desc" time="0.049" /><testcase classname="tests.test_leaderboard_and_bulk.TestGlobalLeaderboard" name="test_global_leaderboard_limit" time="0.054" /><testcase classname="tests.test_leaderboard_and_bulk.TestContestGameTypeField" name="test_public_contests_include_game_type_key" time="0.050" /><testcase classname="tests.test_leaderboard_and_bulk.TestBulkContestOps" name="test_after_launch_game_contests_are_live" time="0.260" /><testcase classname="tests.test_leaderboard_and_bulk.TestContestGameTypeField" name="test_admin_contests_have_game_type_seeded" time="0.445" /><testcase classname="tests.test_leaderboard_and_bulk.TestBulkContestOps" name="test_public_contest_list_shows_game_type_after_launch" time="0.058" /><testcase classname="tests.test_leaderboard_and_bulk.TestBulkContestOps" name="test_bulk_launch_with_category_filter" time="0.058" /><testcase classname="tests.test_leaderboard_and_bulk.TestBulkContestOps" name="test_bulk_launch_all_draft" time="0.098" /><testcase classname="tests.test_leaderboard_and_bulk.TestBulkContestOps" name="test_bulk_pause_only_games_live" time="0.154" /><testcase classname="tests.test_leaderboard_and_bulk.TestBulkContestOps" name="test_relaunch_game_contests_for_cleanup" time="0.053" /></testsuite></testsuites>