<?xml version="1.0" encoding="utf-8"?><testsuites name="pytest tests"><testsuite name="pytest" errors="0" failures="1" skipped="0" tests="9" time="5.070" timestamp="2026-07-17T03:06:11.917239+00:00" hostname="agent-env-9bbb936b-7919-4734-aabb-1b22ee646af3"><testcase classname="tests.test_phase2b_captcha_wallet_attempts.TestTurnstile" name="test_config_endpoint" time="0.209" /><testcase classname="tests.test_phase2b_captcha_wallet_attempts.TestWalletTopup" name="test_custom_topup_happy_path" time="0.984"><failure message="AssertionError: Internal Server Error&#10;assert 500 == 200&#10; +  where 500 = &lt;Response [500]&gt;.status_code">backend/tests/test_phase2b_captcha_wallet_attempts.py:110: in test_custom_topup_happy_path
    assert r.status_code == 200, r.text
E   AssertionError: Internal Server Error
E   assert 500 == 200
E    +  where 500 = &lt;Response [500]&gt;.status_code</failure></testcase><testcase classname="tests.test_phase2b_captcha_wallet_attempts.TestTurnstile" name="test_captcha_verify_requires_auth" time="0.267" /><testcase classname="tests.test_phase2b_captcha_wallet_attempts.TestTurnstile" name="test_captcha_verify_with_test_secret_returns_challenge" time="1.141" /><testcase classname="tests.test_phase2b_captcha_wallet_attempts.TestWalletTopup" name="test_custom_topup_below_minimum_rejected" time="0.643" /><testcase classname="tests.test_phase2b_captcha_wallet_attempts.TestAttemptsPerTicket" name="test_attempts_pool_6_allowed_7th_rejected" time="2.918" /><testcase classname="tests.test_phase2b_captcha_wallet_attempts.TestWalletTopup" name="test_custom_topup_above_maximum_rejected" time="0.725" /><testcase classname="tests.test_phase2b_captcha_wallet_attempts.TestWalletTopup" name="test_custom_topup_requires_auth" time="0.300" /><testcase classname="tests.test_phase2b_captcha_wallet_attempts.TestWalletTopup" name="test_legacy_topup_checkout_still_works" time="1.054" /></testsuite></testsuites>