<?xml version="1.0" encoding="utf-8"?><testsuites name="pytest tests"><testsuite name="pytest" errors="0" failures="0" skipped="0" tests="7" time="1.248" timestamp="2026-09-13T21:24:15.647531+00:00" hostname="agent-env-0b4414f9-1e37-427f-a140-0954a514aeeb"><testcase classname="tests.test_startup_fix_iter37" name="test_health_fast" time="0.003" /><testcase classname="tests.test_startup_fix_iter37" name="test_ready_fast_no_db" time="0.002" /><testcase classname="tests.test_startup_fix_iter37" name="test_api_root" time="0.236" /><testcase classname="tests.test_startup_fix_iter37" name="test_world_state" time="0.126" /><testcase classname="tests.test_startup_fix_iter37" name="test_diagnostics_db" time="0.130" /><testcase classname="tests.test_startup_fix_iter37" name="test_auth_login_nonexistent_returns_401" time="0.169" /><testcase classname="tests.test_startup_fix_iter37" name="test_route_count" time="0.051" /></testsuite></testsuites>