<?xml version="1.0" encoding="utf-8"?><testsuites name="pytest tests"><testsuite name="pytest" errors="0" failures="0" skipped="0" tests="5" time="7.678" timestamp="2026-07-03T01:45:47.246156+00:00" hostname="agent-env-9bbb936b-7919-4734-aabb-1b22ee646af3"><testcase classname="tests.test_meera_refactor.TestMeeraPublicChat" name="test_public_explain" time="4.487" /><testcase classname="tests.test_meera_refactor.TestMeeraAdminCreateContests" name="test_admin_meera_create_contests" time="3.416" /><testcase classname="tests.test_meera_refactor.TestAdminDrawStillWorks" name="test_admin_draw_creates_winner_and_notification" time="0.059" /><testcase classname="tests.test_meera_refactor.TestMeeraPublicChat" name="test_public_cannot_create" time="1.762" /><testcase classname="tests.test_meera_refactor.TestProductionUpcomingDrawsShape" name="test_shape" time="0.407" /></testsuite></testsuites>