<?xml version="1.0" encoding="utf-8"?><testsuites name="pytest tests"><testsuite name="pytest" errors="0" failures="0" skipped="0" tests="11" time="22.388" timestamp="2026-07-03T01:44:43.751997+00:00" hostname="agent-env-9bbb936b-7919-4734-aabb-1b22ee646af3"><testcase classname="tests.test_scheduler_notifications.TestUpcomingDraws" name="test_unauth_returns_401" time="0.407" /><testcase classname="tests.test_scheduler_notifications.TestProductionDraw" name="test_404_missing_contest" time="0.690" /><testcase classname="tests.test_scheduler_notifications.TestProductionDraw" name="test_400_no_tickets" time="0.063" /><testcase classname="tests.test_scheduler_notifications.TestUpcomingDraws" name="test_non_staff_returns_403" time="0.622" /><testcase classname="tests.test_scheduler_notifications.TestProductionDraw" name="test_success_and_notification" time="0.632" /><testcase classname="tests.test_scheduler_notifications.TestUpcomingDraws" name="test_admin_returns_payload_shape" time="0.383" /><testcase classname="tests.test_scheduler_notifications.TestProductionDraw" name="test_non_staff_forbidden" time="0.139" /><testcase classname="tests.test_scheduler_notifications.TestPlayerNotifications" name="test_unauth_returns_401" time="0.047" /><testcase classname="tests.test_scheduler_notifications.TestPlayerNotifications" name="test_list_and_mark_read" time="0.206" /><testcase classname="tests.test_scheduler_notifications.TestAdminDrawNotification" name="test_admin_draw_creates_notification" time="0.053" /><testcase classname="tests.test_scheduler_notifications.TestSchedulerAutoDraw" name="test_scheduler_draws_overdue_contest" time="20.008" /></testsuite></testsuites>