<?xml version="1.0" encoding="utf-8"?><testsuites name="pytest tests"><testsuite name="pytest" errors="0" failures="0" skipped="0" tests="5" time="7.887" timestamp="2026-09-07T01:44:25.028231+00:00" hostname="agent-env-fa4e477d-51fc-46bb-a176-3829df500497"><testcase classname="tests.test_free_world_token_flow" name="test_early_unlock_happy_path" time="1.509" /><testcase classname="tests.test_free_world_token_flow" name="test_early_unlock_double_charge_safety" time="1.468" /><testcase classname="tests.test_free_world_token_flow" name="test_progression_guard_level3" time="1.434" /><testcase classname="tests.test_free_world_token_flow" name="test_insufficient_balance" time="1.424" /><testcase classname="tests.test_free_world_token_flow" name="test_retry_double_charge_safety" time="1.705" /></testsuite></testsuites>