<?xml version="1.0" encoding="utf-8"?><testsuites name="pytest tests"><testsuite name="pytest" errors="0" failures="2" skipped="0" tests="25" time="4.399" timestamp="2026-07-31T12:40:49.216186+00:00" hostname="agent-env-9bbb936b-7919-4734-aabb-1b22ee646af3"><testcase classname="tests.test_iter25_engines_user360_images.TestRandomDraw" name="test_00_setup_create_contest" time="0.727" /><testcase classname="tests.test_iter25_engines_user360_images.TestRandomDraw" name="test_01_locked_when_flag_off" time="0.045" /><testcase classname="tests.test_iter25_engines_user360_images.TestRandomDraw" name="test_02_enable_flag_then_400_no_tickets" time="0.102" /><testcase classname="tests.test_iter25_engines_user360_images.TestRandomDraw" name="test_03_wrong_engine_type_400" time="0.046" /><testcase classname="tests.test_iter25_engines_user360_images.TestRandomDraw" name="test_04_happy_path_5_of_20" time="0.088" /><testcase classname="tests.test_iter25_engines_user360_images.TestRandomDraw" name="test_05_redraw_no_reason_409" time="0.047" /><testcase classname="tests.test_iter25_engines_user360_images.TestRandomDraw" name="test_06_redraw_no_approver_409" time="0.049" /><testcase classname="tests.test_iter25_engines_user360_images.TestRandomDraw" name="test_07_redraw_with_second_super_admin" time="0.306" /><testcase classname="tests.test_iter25_engines_user360_images.TestRandomDraw" name="test_08_confirm_publish" time="0.047" /><testcase classname="tests.test_iter25_engines_user360_images.TestRandomDraw" name="test_09_list_and_report" time="0.095" /><testcase classname="tests.test_iter25_engines_user360_images.TestRandomDraw" name="test_99_cleanup" time="0.002" /><testcase classname="tests.test_iter25_engines_user360_images.TestInstantWin" name="test_00_setup_flag_off_and_contest" time="0.172" /><testcase classname="tests.test_iter25_engines_user360_images.TestInstantWin" name="test_01_commit_locked_when_flag_off" time="0.045" /><testcase classname="tests.test_iter25_engines_user360_images.TestInstantWin" name="test_02_commit_success" time="0.163" /><testcase classname="tests.test_iter25_engines_user360_images.TestInstantWin" name="test_03_commit_again_409" time="0.046" /><testcase classname="tests.test_iter25_engines_user360_images.TestInstantWin" name="test_04_reveal_flow_and_idempotency" time="0.125" /><testcase classname="tests.test_iter25_engines_user360_images.TestInstantWin" name="test_99_cleanup" time="0.002" /><testcase classname="tests.test_iter25_engines_user360_images.TestUser360" name="test_01_get_360" time="0.053" /><testcase classname="tests.test_iter25_engines_user360_images.TestUser360" name="test_02_suspend_wrong_password_403" time="0.046"><failure message="assert 200 == 403&#10; +  where 200 = &lt;Response [200]&gt;.status_code">backend/tests/test_iter25_engines_user360_images.py:340: in test_02_suspend_wrong_password_403
    assert r.status_code == 403
E   assert 200 == 403
E    +  where 200 = &lt;Response [200]&gt;.status_code</failure></testcase><testcase classname="tests.test_iter25_engines_user360_images.TestUser360" name="test_03_suspend_then_unsuspend" time="0.049"><failure message="AssertionError: assert None is not None&#10; +  where None = find_one({'kind': 'user_suspend', 'target_user_id': 'user_eb071248fabe'})&#10; +    where find_one = Collection(Database(MongoClient(host=['localhost:27017'], document_class=dict, tz_aware=False, connect=True), 'test_database'), 'audit_log').find_one&#10; +      where Collection(Database(MongoClient(host=['localhost:27017'], document_class=dict, tz_aware=False, connect=True), 'test_database'), 'audit_log') = Database(MongoClient(host=['localhost:27017'], document_class=dict, tz_aware=False, connect=True), 'test_database').audit_log">backend/tests/test_iter25_engines_user360_images.py:351: in test_03_suspend_then_unsuspend
    assert db.audit_log.find_one({'kind': 'user_suspend', 'target_user_id': tgt}) is not None
E   AssertionError: assert None is not None
E    +  where None = find_one({'kind': 'user_suspend', 'target_user_id': 'user_eb071248fabe'})
E    +    where find_one = Collection(Database(MongoClient(host=['localhost:27017'], document_class=dict, tz_aware=False, connect=True), 'test_database'), 'audit_log').find_one
E    +      where Collection(Database(MongoClient(host=['localhost:27017'], document_class=dict, tz_aware=False, connect=True), 'test_database'), 'audit_log') = Database(MongoClient(host=['localhost:27017'], document_class=dict, tz_aware=False, connect=True), 'test_database').audit_log</failure></testcase><testcase classname="tests.test_iter25_engines_user360_images.TestUser360" name="test_04_erase_self_400" time="0.270" /><testcase classname="tests.test_iter25_engines_user360_images.TestUser360" name="test_05_erase_wrong_password_403" time="0.273" /><testcase classname="tests.test_iter25_engines_user360_images.TestUser360" name="test_06_erase_full_flow" time="0.293" /><testcase classname="tests.test_iter25_engines_user360_images.TestContestImageProcessor" name="test_01_upload_5_variants" time="0.930" /><testcase classname="tests.test_iter25_engines_user360_images.TestContestImageProcessor" name="test_02_non_image_415" time="0.203" /></testsuite></testsuites>