<?xml version="1.0" encoding="utf-8"?><testsuites name="pytest tests"><testsuite name="pytest" errors="0" failures="0" skipped="0" tests="7" time="1.734" timestamp="2026-09-14T03:53:03.982609+00:00" hostname="agent-env-fa4e477d-51fc-46bb-a176-3829df500497"><testcase classname="tests.test_iter38_free_world_admin" name="test_health_root" time="0.314" /><testcase classname="tests.test_iter38_free_world_admin" name="test_ready_root" time="0.134" /><testcase classname="tests.test_iter38_free_world_admin" name="test_admin_login_returns_super_admin" time="0.369" /><testcase classname="tests.test_iter38_free_world_admin" name="test_season_schedule_requires_auth" time="0.123" /><testcase classname="tests.test_iter38_free_world_admin" name="test_season_schedule_with_admin" time="0.146" /><testcase classname="tests.test_iter38_free_world_admin" name="test_admin_users_requires_auth" time="0.153" /><testcase classname="tests.test_iter38_free_world_admin" name="test_admin_users_safe_fields" time="0.129" /></testsuite></testsuites>