<?xml version="1.0" encoding="utf-8"?><testsuites name="pytest tests"><testsuite name="pytest" errors="0" failures="0" skipped="0" tests="47" time="61.808" timestamp="2026-07-09T12:49:36.480249+00:00" hostname="agent-env-9bbb936b-7919-4734-aabb-1b22ee646af3"><testcase classname="tests.test_profile" name="test_get_me_requires_auth" time="0.181" /><testcase classname="tests.backend_test.TestAdmin" name="test_admin_stats" time="0.707" /><testcase classname="tests.test_profile" name="test_get_me_returns_full_profile" time="0.635" /><testcase classname="tests.backend_test.TestAdmin" name="test_admin_users_list" time="0.071" /><testcase classname="tests.backend_test.TestAdmin" name="test_admin_orders_list" time="0.050" /><testcase classname="tests.test_profile" name="test_patch_me_requires_auth" time="0.138" /><testcase classname="tests.backend_test.TestAdmin" name="test_admin_contests_list" time="0.060" /><testcase classname="tests.backend_test.TestAdmin" name="test_admin_kyc_list" time="0.047" /><testcase classname="tests.backend_test.TestAdmin" name="test_admin_winners_list" time="0.092" /><testcase classname="tests.test_profile" name="test_patch_me_updates_name_and_phone" time="0.447" /><testcase classname="tests.backend_test.TestAdmin" name="test_admin_requires_auth" time="0.088" /><testcase classname="tests.backend_test.TestAuth" name="test_admin_login_success" time="0.273" /><testcase classname="tests.backend_test.TestAuth" name="test_admin_login_invalid" time="0.269" /><testcase classname="tests.test_profile" name="test_patch_me_rejects_invalid_email" time="0.267" /><testcase classname="tests.backend_test.TestAuth" name="test_auth_me_returns_admin" time="0.051" /><testcase classname="tests.backend_test.TestAuth" name="test_auth_me_unauthenticated" time="0.050" /><testcase classname="tests.test_profile" name="test_patch_me_rejects_duplicate_email" time="0.612" /><testcase classname="tests.test_scheduler_notifications.TestProductionDraw" name="test_404_missing_contest" time="0.612" /><testcase classname="tests.test_profile" name="test_change_password_requires_auth" time="0.163" /><testcase classname="tests.test_scheduler_notifications.TestProductionDraw" name="test_400_no_tickets" time="0.054" /><testcase classname="tests.test_profile" name="test_change_password_wrong_current" time="0.507" /><testcase classname="tests.test_scheduler_notifications.TestProductionDraw" name="test_success_and_notification" time="0.567" /><testcase classname="tests.test_profile" name="test_change_password_too_short" time="1.070" /><testcase classname="tests.test_scheduler_notifications.TestProductionDraw" name="test_non_staff_forbidden" time="0.105" /><testcase classname="tests.backend_test.TestContests" name="test_list_contests_public" time="0.052" /><testcase classname="tests.backend_test.TestContests" name="test_get_contest_detail" time="0.108" /><testcase classname="tests.backend_test.TestContests" name="test_verify_skill_endpoint" time="0.297" /><testcase classname="tests.backend_test.TestMeera" name="test_meera_public_chat" time="7.467" /><testcase classname="tests.test_profile" name="test_change_password_success_and_relogin" time="4.834" /><testcase classname="tests.test_scheduler_notifications.TestUpcomingDraws" name="test_unauth_returns_401" time="0.102" /><testcase classname="tests.test_scheduler_notifications.TestUpcomingDraws" name="test_non_staff_returns_403" time="0.372" /><testcase classname="tests.test_scheduler_notifications.TestUpcomingDraws" name="test_admin_returns_payload_shape" time="0.383" /><testcase classname="tests.test_create_contest.TestCreateContestSuccess" name="test_create_draft_and_verify_and_cleanup" time="0.611" /><testcase classname="tests.test_create_contest.TestCreateContestSuccess" name="test_create_live_contest_visible_publicly" time="0.138" /><testcase classname="tests.test_meera_refactor.TestMeeraPublicChat" name="test_public_explain" time="1.986" /><testcase classname="tests.backend_test.TestMeera" name="test_meera_admin_chat" time="0.842" /><testcase classname="tests.test_create_contest.TestCreateContestValidation" name="test_missing_skill_question_400" time="0.416" /><testcase classname="tests.test_create_contest.TestCreateContestValidation" name="test_incomplete_skill_question_400" time="0.044" /><testcase classname="tests.test_create_contest.TestCreateContestAuth" name="test_unauthenticated_rejected" time="0.928" /><testcase classname="tests.test_meera_refactor.TestMeeraPublicChat" name="test_public_cannot_create" time="1.419" /><testcase classname="tests.test_meera_refactor.TestMeeraAdminCreateContests" name="test_admin_meera_create_contests" time="2.145" /><testcase classname="tests.test_scheduler_notifications.TestPlayerNotifications" name="test_unauth_returns_401" time="0.093" /><testcase classname="tests.test_scheduler_notifications.TestPlayerNotifications" name="test_list_and_mark_read" time="0.480" /><testcase classname="tests.test_scheduler_notifications.TestAdminDrawNotification" name="test_admin_draw_creates_notification" time="0.373" /><testcase classname="tests.test_scheduler_notifications.TestSchedulerAutoDraw" name="test_scheduler_draws_overdue_contest" time="45.012" /><testcase classname="tests.test_meera_refactor.TestProductionUpcomingDrawsShape" name="test_shape" time="0.049" /><testcase classname="tests.test_meera_refactor.TestAdminDrawStillWorks" name="test_admin_draw_creates_winner_and_notification" time="0.057" /></testsuite></testsuites>