<?xml version="1.0" encoding="utf-8"?><testsuites name="pytest tests"><testsuite name="pytest" errors="0" failures="0" skipped="0" tests="8" time="1.316" timestamp="2026-09-14T03:07:27.195693+00:00" hostname="agent-env-fa4e477d-51fc-46bb-a176-3829df500497"><testcase classname="tests.test_fixes_iter37" name="test_health_root_local" time="0.004" /><testcase classname="tests.test_fixes_iter37" name="test_ready_root_local" time="0.002" /><testcase classname="tests.test_fixes_iter37" name="test_server_import_and_route_count" time="0.478" /><testcase classname="tests.test_fixes_iter37" name="test_ensure_utc_in_service" time="0.000" /><testcase classname="tests.test_fixes_iter37" name="test_ensure_utc_bound_in_world_routes" time="0.000" /><testcase classname="tests.test_fixes_iter37" name="test_timedelta_in_scheduler" time="0.001" /><testcase classname="tests.test_fixes_iter37" name="test_mongo_client_timeouts" time="0.000" /><testcase classname="tests.test_fixes_iter37" name="test_api_root_public" time="0.348" /></testsuite></testsuites>