<?xml version="1.0" encoding="utf-8"?><testsuites name="pytest tests"><testsuite name="pytest" errors="0" failures="0" skipped="0" tests="39" time="6.432" timestamp="2026-07-31T13:16:11.256911+00:00" hostname="agent-env-9bbb936b-7919-4734-aabb-1b22ee646af3"><testcase classname="tests.test_iter25_engines_user360_images.TestInstantWin" name="test_00_setup_flag_off_and_contest" time="0.777" /><testcase classname="tests.test_iter25_engines_user360_images.TestRandomDraw" name="test_00_setup_create_contest" time="0.959" /><testcase classname="tests.test_iter25_engines_user360_images.TestInstantWin" name="test_01_commit_locked_when_flag_off" time="0.056" /><testcase classname="tests.test_iter25_engines_user360_images.TestInstantWin" name="test_02_commit_success" time="0.099" /><testcase classname="tests.test_iter25_engines_user360_images.TestInstantWin" name="test_03_commit_again_409" time="0.046" /><testcase classname="tests.test_iter25_engines_user360_images.TestRandomDraw" name="test_01_locked_when_flag_off" time="0.061" /><testcase classname="tests.test_iter25_engines_user360_images.TestInstantWin" name="test_04_reveal_flow_and_idempotency" time="0.158" /><testcase classname="tests.test_iter25_engines_user360_images.TestRandomDraw" name="test_02_enable_flag_then_400_no_tickets" time="0.160" /><testcase classname="tests.test_iter25_engines_user360_images.TestInstantWin" name="test_99_cleanup" time="0.092" /><testcase classname="tests.test_iter25_engines_user360_images.TestRandomDraw" name="test_03_wrong_engine_type_400" time="0.058" /><testcase classname="tests.test_iter25_engines_user360_images.TestUser360" name="test_01_get_360" time="0.052" /><testcase classname="tests.test_iter25_engines_user360_images.TestRandomDraw" name="test_04_happy_path_5_of_20" time="0.061" /><testcase classname="tests.test_iter25_engines_user360_images.TestUser360" name="test_02_suspend_wrong_password_403" time="0.309" /><testcase classname="tests.test_iter25_engines_user360_images.TestRandomDraw" name="test_05_redraw_no_reason_409" time="0.265" /><testcase classname="tests.test_iter25_engines_user360_images.TestRandomDraw" name="test_06_redraw_no_approver_409" time="0.101" /><testcase classname="tests.test_iter25_engines_user360_images.TestUser360" name="test_03_suspend_then_unsuspend" time="0.317" /><testcase classname="tests.test_iter25_engines_user360_images.TestRandomDraw" name="test_07_redraw_with_second_super_admin" time="0.527" /><testcase classname="tests.test_iter25_engines_user360_images.TestUser360" name="test_04_erase_self_400" time="0.269" /><testcase classname="tests.test_iter25_engines_user360_images.TestUser360" name="test_05_erase_wrong_password_403" time="0.269" /><testcase classname="tests.test_iter25_engines_user360_images.TestRandomDraw" name="test_08_confirm_publish" time="0.266" /><testcase classname="tests.test_iter25_engines_user360_images.TestUser360" name="test_06_erase_full_flow" time="0.279" /><testcase classname="tests.test_iter25_engines_user360_images.TestRandomDraw" name="test_09_list_and_report" time="0.338" /><testcase classname="tests.test_iter22_launch.TestCompanySettings" name="test_public_company_defaults" time="0.170" /><testcase classname="tests.test_iter25_engines_user360_images.TestRandomDraw" name="test_99_cleanup" time="0.062" /><testcase classname="tests.test_iter22_launch.TestPostalEntries" name="test_list_requires_auth" time="0.104" /><testcase classname="tests.test_iter22_launch.TestCompanySettings" name="test_admin_company_requires_auth" time="0.097" /><testcase classname="tests.test_iter22_launch.TestCompanySettings" name="test_admin_company_ok" time="0.562" /><testcase classname="tests.test_iter22_launch.TestPostalEntries" name="test_create_and_transition" time="1.429" /><testcase classname="tests.test_iter22_launch.TestCompanySettings" name="test_super_admin_can_update_and_audit" time="0.288" /><testcase classname="tests.test_iter22_launch.TestCompanySettings" name="test_update_requires_payload" time="0.121" /><testcase classname="tests.test_iter25_engines_user360_images.TestContestImageProcessor" name="test_01_upload_5_variants" time="0.882" /><testcase classname="tests.test_iter22_launch.TestPostalEntries" name="test_update_missing_returns_404" time="0.146" /><testcase classname="tests.test_iter22_launch.TestLeaderboardEndpoint" name="test_leaderboard_contract" time="0.196" /><testcase classname="tests.test_iter22_launch.TestLeaderboardEndpoint" name="test_leaderboard_specific_contest_c_fd360e20adad" time="0.105" /><testcase classname="tests.test_iter22_launch.TestLeaderboardEndpoint" name="test_global_leaderboard_still_works" time="0.113" /><testcase classname="tests.test_iter25_engines_user360_images.TestContestImageProcessor" name="test_02_non_image_415" time="0.169" /><testcase classname="tests.test_iter22_launch.TestAuditNoOpSkip" name="test_noop_update_does_not_write_audit" time="0.963" /><testcase classname="tests.test_iter22_launch.TestContestExtendedFields" name="test_contest_get_returns_new_fields" time="0.144" /><testcase classname="tests.test_iter22_launch.TestContestExtendedFields" name="test_update_contest_persists_new_fields" time="0.653" /></testsuite></testsuites>