<?xml version="1.0" encoding="utf-8"?><testsuites name="pytest tests"><testsuite name="pytest" errors="0" failures="1" skipped="0" tests="11" time="2.652" timestamp="2026-07-30T20:04:12.426721+00:00" hostname="agent-env-9bbb936b-7919-4734-aabb-1b22ee646af3"><testcase classname="tests.test_iter22_launch.TestCompanySettings" name="test_public_company_defaults" time="0.191" /><testcase classname="tests.test_iter22_launch.TestPostalEntries" name="test_list_requires_auth" time="0.146" /><testcase classname="tests.test_iter22_launch.TestCompanySettings" name="test_admin_company_requires_auth" time="0.327" /><testcase classname="tests.test_iter22_launch.TestPostalEntries" name="test_create_and_transition" time="1.486" /><testcase classname="tests.test_iter22_launch.TestCompanySettings" name="test_admin_company_ok" time="0.436" /><testcase classname="tests.test_iter22_launch.TestCompanySettings" name="test_super_admin_can_update_and_audit" time="0.274" /><testcase classname="tests.test_iter22_launch.TestCompanySettings" name="test_update_requires_payload" time="0.116" /><testcase classname="tests.test_iter22_launch.TestLeaderboardEndpoint" name="test_leaderboard_contract" time="0.230"><failure message="AssertionError: Missing engine_type. keys=['contest_id', 'leaderboard']&#10;assert 'engine_type' in {'contest_id': 'c_fd360e20adad', 'leaderboard': []}">backend/tests/test_iter22_launch.py:196: in test_leaderboard_contract
    assert 'engine_type' in d, f'Missing engine_type. keys={list(d.keys())}'
E   AssertionError: Missing engine_type. keys=['contest_id', 'leaderboard']
E   assert 'engine_type' in {'contest_id': 'c_fd360e20adad', 'leaderboard': []}</failure></testcase><testcase classname="tests.test_iter22_launch.TestPostalEntries" name="test_update_missing_returns_404" time="0.134" /><testcase classname="tests.test_iter22_launch.TestContestExtendedFields" name="test_contest_get_returns_new_fields" time="0.105" /><testcase classname="tests.test_iter22_launch.TestContestExtendedFields" name="test_update_contest_persists_new_fields" time="0.249" /></testsuite></testsuites>