<?xml version="1.0" encoding="utf-8"?><testsuites name="pytest tests"><testsuite name="pytest" errors="0" failures="0" skipped="0" tests="14" time="3.375" timestamp="2026-07-30T20:40:51.939252+00:00" hostname="agent-env-9bbb936b-7919-4734-aabb-1b22ee646af3"><testcase classname="tests.test_iter22_launch.TestPostalEntries" name="test_list_requires_auth" time="0.148" /><testcase classname="tests.test_iter22_launch.TestCompanySettings" name="test_public_company_defaults" time="0.210" /><testcase classname="tests.test_iter22_launch.TestCompanySettings" name="test_admin_company_requires_auth" time="0.274" /><testcase classname="tests.test_iter22_launch.TestPostalEntries" name="test_create_and_transition" time="1.505" /><testcase classname="tests.test_iter22_launch.TestCompanySettings" name="test_admin_company_ok" time="0.490" /><testcase classname="tests.test_iter22_launch.TestCompanySettings" name="test_super_admin_can_update_and_audit" time="0.328" /><testcase classname="tests.test_iter22_launch.TestCompanySettings" name="test_update_requires_payload" time="0.168" /><testcase classname="tests.test_iter22_launch.TestContestExtendedFields" name="test_contest_get_returns_new_fields" time="0.102" /><testcase classname="tests.test_iter22_launch.TestContestExtendedFields" name="test_update_contest_persists_new_fields" time="0.254" /><testcase classname="tests.test_iter22_launch.TestPostalEntries" name="test_update_missing_returns_404" time="0.122" /><testcase classname="tests.test_iter22_launch.TestAuditNoOpSkip" name="test_noop_update_does_not_write_audit" time="0.983" /><testcase classname="tests.test_iter22_launch.TestLeaderboardEndpoint" name="test_leaderboard_contract" time="0.319" /><testcase classname="tests.test_iter22_launch.TestLeaderboardEndpoint" name="test_leaderboard_specific_contest_c_fd360e20adad" time="0.123" /><testcase classname="tests.test_iter22_launch.TestLeaderboardEndpoint" name="test_global_leaderboard_still_works" time="0.125" /></testsuite></testsuites>