<?xml version="1.0" encoding="utf-8"?><testsuites name="pytest tests"><testsuite name="pytest" errors="0" failures="0" skipped="0" tests="37" time="60.532" timestamp="2026-07-09T12:29:15.429051+00:00" hostname="agent-env-9bbb936b-7919-4734-aabb-1b22ee646af3"><testcase classname="tests.backend_test.TestAuth" name="test_admin_login_success" time="0.485" /><testcase classname="tests.backend_test.TestAuth" name="test_admin_login_invalid" time="0.484" /><testcase classname="tests.backend_test.TestAdmin" name="test_admin_stats" time="0.975" /><testcase classname="tests.backend_test.TestAdmin" name="test_admin_users_list" time="0.275" /><testcase classname="tests.backend_test.TestAuth" name="test_auth_me_returns_admin" time="0.411" /><testcase classname="tests.backend_test.TestAdmin" name="test_admin_orders_list" time="0.046" /><testcase classname="tests.backend_test.TestAdmin" name="test_admin_contests_list" time="0.083" /><testcase classname="tests.backend_test.TestAdmin" name="test_admin_kyc_list" time="0.045" /><testcase classname="tests.backend_test.TestAuth" name="test_auth_me_unauthenticated" time="0.043" /><testcase classname="tests.backend_test.TestAdmin" name="test_admin_winners_list" time="0.045" /><testcase classname="tests.backend_test.TestAdmin" name="test_admin_requires_auth" time="0.051" /><testcase classname="tests.backend_test.TestContests" name="test_list_contests_public" time="0.262" /><testcase classname="tests.backend_test.TestContests" name="test_get_contest_detail" time="0.101" /><testcase classname="tests.test_scheduler_notifications.TestProductionDraw" name="test_404_missing_contest" time="0.555" /><testcase classname="tests.backend_test.TestContests" name="test_verify_skill_endpoint" time="0.560" /><testcase classname="tests.test_scheduler_notifications.TestProductionDraw" name="test_400_no_tickets" time="0.055" /><testcase classname="tests.test_scheduler_notifications.TestProductionDraw" name="test_success_and_notification" time="0.468" /><testcase classname="tests.test_scheduler_notifications.TestUpcomingDraws" name="test_unauth_returns_401" time="0.134" /><testcase classname="tests.test_scheduler_notifications.TestProductionDraw" name="test_non_staff_forbidden" time="0.114" /><testcase classname="tests.backend_test.TestMeera" name="test_meera_public_chat" time="5.984" /><testcase classname="tests.test_scheduler_notifications.TestUpcomingDraws" name="test_non_staff_returns_403" time="2.784" /><testcase classname="tests.test_scheduler_notifications.TestUpcomingDraws" name="test_admin_returns_payload_shape" time="0.373" /><testcase classname="tests.test_create_contest.TestCreateContestValidation" name="test_missing_skill_question_400" time="0.418" /><testcase classname="tests.test_create_contest.TestCreateContestValidation" name="test_incomplete_skill_question_400" time="0.052" /><testcase classname="tests.test_meera_refactor.TestMeeraPublicChat" name="test_public_explain" time="3.110" /><testcase classname="tests.backend_test.TestMeera" name="test_meera_admin_chat" time="1.923" /><testcase classname="tests.test_meera_refactor.TestMeeraPublicChat" name="test_public_cannot_create" time="1.712" /><testcase classname="tests.test_create_contest.TestCreateContestSuccess" name="test_create_draft_and_verify_and_cleanup" time="0.910" /><testcase classname="tests.test_scheduler_notifications.TestPlayerNotifications" name="test_unauth_returns_401" time="0.109" /><testcase classname="tests.test_create_contest.TestCreateContestSuccess" name="test_create_live_contest_visible_publicly" time="0.198" /><testcase classname="tests.test_scheduler_notifications.TestPlayerNotifications" name="test_list_and_mark_read" time="0.517" /><testcase classname="tests.test_create_contest.TestCreateContestAuth" name="test_unauthenticated_rejected" time="0.047" /><testcase classname="tests.test_meera_refactor.TestMeeraAdminCreateContests" name="test_admin_meera_create_contests" time="2.287" /><testcase classname="tests.test_meera_refactor.TestAdminDrawStillWorks" name="test_admin_draw_creates_winner_and_notification" time="0.696" /><testcase classname="tests.test_scheduler_notifications.TestAdminDrawNotification" name="test_admin_draw_creates_notification" time="0.706" /><testcase classname="tests.test_meera_refactor.TestProductionUpcomingDrawsShape" name="test_shape" time="0.044" /><testcase classname="tests.test_scheduler_notifications.TestSchedulerAutoDraw" name="test_scheduler_draws_overdue_contest" time="45.392" /></testsuite></testsuites>