<?xml version="1.0" encoding="utf-8"?><testsuites name="pytest tests"><testsuite name="pytest" errors="0" failures="0" skipped="0" tests="16" time="7.445" timestamp="2026-07-03T00:59:13.388417+00:00" hostname="agent-env-9bbb936b-7919-4734-aabb-1b22ee646af3"><testcase classname="tests.backend_test.TestAuth" name="test_admin_login_success" time="0.695" /><testcase classname="tests.backend_test.TestAdmin" name="test_admin_stats" time="0.699" /><testcase classname="tests.backend_test.TestAuth" name="test_admin_login_invalid" time="0.306" /><testcase classname="tests.backend_test.TestAdmin" name="test_admin_users_list" time="0.266" /><testcase classname="tests.backend_test.TestAdmin" name="test_admin_orders_list" time="0.045" /><testcase classname="tests.backend_test.TestAdmin" name="test_admin_contests_list" time="0.260" /><testcase classname="tests.backend_test.TestAdmin" name="test_admin_kyc_list" time="0.090" /><testcase classname="tests.backend_test.TestAuth" name="test_auth_me_returns_admin" time="0.415" /><testcase classname="tests.backend_test.TestAdmin" name="test_admin_winners_list" time="0.050" /><testcase classname="tests.backend_test.TestAdmin" name="test_admin_requires_auth" time="0.046" /><testcase classname="tests.backend_test.TestAuth" name="test_auth_me_unauthenticated" time="0.044" /><testcase classname="tests.backend_test.TestMeera" name="test_meera_public_chat" time="4.355" /><testcase classname="tests.backend_test.TestContests" name="test_list_contests_public" time="1.411" /><testcase classname="tests.backend_test.TestContests" name="test_get_contest_detail" time="0.101" /><testcase classname="tests.backend_test.TestContests" name="test_verify_skill_endpoint" time="0.269" /><testcase classname="tests.backend_test.TestMeera" name="test_meera_admin_chat" time="1.087" /></testsuite></testsuites>