<?xml version="1.0" encoding="utf-8"?><testsuites name="pytest tests"><testsuite name="pytest" errors="0" failures="0" skipped="0" tests="27" time="56.002" timestamp="2026-07-03T01:21:02.494286+00:00" hostname="agent-env-9bbb936b-7919-4734-aabb-1b22ee646af3"><testcase classname="tests.backend_test.TestAuth" name="test_admin_login_success" time="0.466" /><testcase classname="tests.backend_test.TestAuth" name="test_admin_login_invalid" time="0.486" /><testcase classname="tests.backend_test.TestAdmin" name="test_admin_stats" time="0.962" /><testcase classname="tests.backend_test.TestAdmin" name="test_admin_users_list" time="0.278" /><testcase classname="tests.backend_test.TestAdmin" name="test_admin_orders_list" time="0.050" /><testcase classname="tests.backend_test.TestAuth" name="test_auth_me_returns_admin" time="0.470" /><testcase classname="tests.backend_test.TestAdmin" name="test_admin_contests_list" time="0.053" /><testcase classname="tests.backend_test.TestAdmin" name="test_admin_kyc_list" time="0.048" /><testcase classname="tests.backend_test.TestAdmin" name="test_admin_winners_list" time="0.090" /><testcase classname="tests.backend_test.TestAuth" name="test_auth_me_unauthenticated" time="0.043" /><testcase classname="tests.backend_test.TestAdmin" name="test_admin_requires_auth" time="0.049" /><testcase classname="tests.backend_test.TestContests" name="test_list_contests_public" time="0.274" /><testcase classname="tests.backend_test.TestContests" name="test_get_contest_detail" time="0.108" /><testcase classname="tests.test_scheduler_notifications.TestProductionDraw" name="test_404_missing_contest" time="0.514" /><testcase classname="tests.backend_test.TestContests" name="test_verify_skill_endpoint" time="0.444" /><testcase classname="tests.test_scheduler_notifications.TestProductionDraw" name="test_400_no_tickets" time="0.095" /><testcase classname="tests.test_scheduler_notifications.TestProductionDraw" name="test_success_and_notification" time="0.381" /><testcase classname="tests.test_scheduler_notifications.TestUpcomingDraws" name="test_unauth_returns_401" time="0.121" /><testcase classname="tests.test_scheduler_notifications.TestProductionDraw" name="test_non_staff_forbidden" time="0.299" /><testcase classname="tests.test_scheduler_notifications.TestUpcomingDraws" name="test_non_staff_returns_403" time="1.744" /><testcase classname="tests.backend_test.TestMeera" name="test_meera_public_chat" time="4.909" /><testcase classname="tests.test_scheduler_notifications.TestUpcomingDraws" name="test_admin_returns_payload_shape" time="0.414" /><testcase classname="tests.test_scheduler_notifications.TestPlayerNotifications" name="test_unauth_returns_401" time="0.045" /><testcase classname="tests.test_scheduler_notifications.TestPlayerNotifications" name="test_list_and_mark_read" time="0.152" /><testcase classname="tests.test_scheduler_notifications.TestSchedulerAutoDraw" name="test_scheduler_draws_overdue_contest" time="50.026" /><testcase classname="tests.backend_test.TestMeera" name="test_meera_admin_chat" time="0.899" /><testcase classname="tests.test_scheduler_notifications.TestAdminDrawNotification" name="test_admin_draw_creates_notification" time="0.760" /></testsuite></testsuites>