<?xml version="1.0" encoding="utf-8"?><testsuites name="pytest tests"><testsuite name="pytest" errors="0" failures="0" skipped="0" tests="9" time="4.299" timestamp="2026-07-15T00:43:34.356462+00:00" hostname="agent-env-9bbb936b-7919-4734-aabb-1b22ee646af3"><testcase classname="tests.test_uploads.TestContestImageIntegration" name="test_create_contest_with_uploaded_image" time="1.083" /><testcase classname="tests.test_uploads.TestUploadsPositive" name="test_upload_jpg" time="1.239" /><testcase classname="tests.test_uploads.TestContestImageIntegration" name="test_get_public_contests_shows_uploaded_image" time="0.184" /><testcase classname="tests.test_uploads.TestUploadsPositive" name="test_upload_png" time="1.223" /><testcase classname="tests.test_uploads.TestContestImageIntegration" name="test_get_single_contest_shows_uploaded_image" time="0.148" /><testcase classname="tests.test_uploads.TestUploadsNegative" name="test_reject_text_file" time="0.138" /><testcase classname="tests.test_uploads.TestUploadsNegative" name="test_reject_oversize" time="0.576" /><testcase classname="tests.test_uploads.TestUploadsPositive" name="test_upload_webp" time="0.623" /><testcase classname="tests.test_uploads.TestUploadsAuth" name="test_upload_requires_auth" time="0.215" /></testsuite></testsuites>